<?xml version="1.0" encoding="UTF-8"?>
<!-- Generated by org.testng.reporters.JUnitXMLReporter -->
<testsuite hostname="SURAJKUMAR" ignored="0" name="Test" tests="3" failures="1" timestamp="2022-03-15T22:44:02 IST" time="25.132" errors="0">
  <testcase name="test1" time="3.559" classname="report.TestRun"/>
  <testcase name="test2" time="0.009" classname="report.TestRun">
    <failure type="java.lang.AssertionError" message="null">
      <![CDATA[java.lang.AssertionError: null
at report.TestRun.test2(TestRun.java:33)
at java.util.ArrayList.forEach(ArrayList.java:1257)
... Removed 29 stack frames]]>
    </failure>
  </testcase> <!-- test2 -->
  <testcase name="test3" time="0.004" classname="report.TestRun">
    <skipped/>
  </testcase> <!-- test3 -->
</testsuite> <!-- Test -->
